ARM GAS  /var/folders/kd/c99kx6qx51n19rszfxl6vhn80000gp/T//ccxoKnWu.s 			page 1


   1              		.cpu cortex-m4
   2              		.arch armv7e-m
   3              		.fpu fpv4-sp-d16
   4              		.eabi_attribute 27, 1
   5              		.eabi_attribute 28, 1
   6              		.eabi_attribute 20, 1
   7              		.eabi_attribute 21, 1
   8              		.eabi_attribute 23, 3
   9              		.eabi_attribute 24, 1
  10              		.eabi_attribute 25, 1
  11              		.eabi_attribute 26, 1
  12              		.eabi_attribute 30, 1
  13              		.eabi_attribute 34, 1
  14              		.eabi_attribute 18, 4
  15              		.file	"stm32g4xx_it.c"
  16              		.text
  17              	.Ltext0:
  18              		.cfi_sections	.debug_frame
  19              		.section	.text.NMI_Handler,"ax",%progbits
  20              		.align	1
  21              		.global	NMI_Handler
  22              		.syntax unified
  23              		.thumb
  24              		.thumb_func
  26              	NMI_Handler:
  27              	.LFB1089:
  28              		.file 1 "Core/Src/stm32g4xx_it.c"
   1:Core/Src/stm32g4xx_it.c **** /* USER CODE BEGIN Header */
   2:Core/Src/stm32g4xx_it.c **** /**
   3:Core/Src/stm32g4xx_it.c ****   ******************************************************************************
   4:Core/Src/stm32g4xx_it.c ****   * @file    stm32g4xx_it.c
   5:Core/Src/stm32g4xx_it.c ****   * @brief   Interrupt Service Routines.
   6:Core/Src/stm32g4xx_it.c ****   ******************************************************************************
   7:Core/Src/stm32g4xx_it.c ****   * @attention
   8:Core/Src/stm32g4xx_it.c ****   *
   9:Core/Src/stm32g4xx_it.c ****   * Copyright (c) 2023 STMicroelectronics.
  10:Core/Src/stm32g4xx_it.c ****   * All rights reserved.
  11:Core/Src/stm32g4xx_it.c ****   *
  12:Core/Src/stm32g4xx_it.c ****   * This software is licensed under terms that can be found in the LICENSE file
  13:Core/Src/stm32g4xx_it.c ****   * in the root directory of this software component.
  14:Core/Src/stm32g4xx_it.c ****   * If no LICENSE file comes with this software, it is provided AS-IS.
  15:Core/Src/stm32g4xx_it.c ****   *
  16:Core/Src/stm32g4xx_it.c ****   ******************************************************************************
  17:Core/Src/stm32g4xx_it.c ****   */
  18:Core/Src/stm32g4xx_it.c **** /* USER CODE END Header */
  19:Core/Src/stm32g4xx_it.c **** 
  20:Core/Src/stm32g4xx_it.c **** /* Includes ------------------------------------------------------------------*/
  21:Core/Src/stm32g4xx_it.c **** #include "main.h"
  22:Core/Src/stm32g4xx_it.c **** #include "stm32g4xx_it.h"
  23:Core/Src/stm32g4xx_it.c **** #include "usbpd.h"
  24:Core/Src/stm32g4xx_it.c **** /* Private includes ----------------------------------------------------------*/
  25:Core/Src/stm32g4xx_it.c **** /* USER CODE BEGIN Includes */
  26:Core/Src/stm32g4xx_it.c **** /* USER CODE END Includes */
  27:Core/Src/stm32g4xx_it.c **** 
  28:Core/Src/stm32g4xx_it.c **** /* Private typedef -----------------------------------------------------------*/
  29:Core/Src/stm32g4xx_it.c **** /* USER CODE BEGIN TD */
  30:Core/Src/stm32g4xx_it.c **** 
ARM GAS  /var/folders/kd/c99kx6qx51n19rszfxl6vhn80000gp/T//ccxoKnWu.s 			page 2


  31:Core/Src/stm32g4xx_it.c **** /* USER CODE END TD */
  32:Core/Src/stm32g4xx_it.c **** 
  33:Core/Src/stm32g4xx_it.c **** /* Private define ------------------------------------------------------------*/
  34:Core/Src/stm32g4xx_it.c **** /* USER CODE BEGIN PD */
  35:Core/Src/stm32g4xx_it.c **** 
  36:Core/Src/stm32g4xx_it.c **** /* USER CODE END PD */
  37:Core/Src/stm32g4xx_it.c **** 
  38:Core/Src/stm32g4xx_it.c **** /* Private macro -------------------------------------------------------------*/
  39:Core/Src/stm32g4xx_it.c **** /* USER CODE BEGIN PM */
  40:Core/Src/stm32g4xx_it.c **** 
  41:Core/Src/stm32g4xx_it.c **** /* USER CODE END PM */
  42:Core/Src/stm32g4xx_it.c **** 
  43:Core/Src/stm32g4xx_it.c **** /* Private variables ---------------------------------------------------------*/
  44:Core/Src/stm32g4xx_it.c **** /* USER CODE BEGIN PV */
  45:Core/Src/stm32g4xx_it.c **** 
  46:Core/Src/stm32g4xx_it.c **** /* USER CODE END PV */
  47:Core/Src/stm32g4xx_it.c **** 
  48:Core/Src/stm32g4xx_it.c **** /* Private function prototypes -----------------------------------------------*/
  49:Core/Src/stm32g4xx_it.c **** /* USER CODE BEGIN PFP */
  50:Core/Src/stm32g4xx_it.c **** 
  51:Core/Src/stm32g4xx_it.c **** /* USER CODE END PFP */
  52:Core/Src/stm32g4xx_it.c **** 
  53:Core/Src/stm32g4xx_it.c **** /* Private user code ---------------------------------------------------------*/
  54:Core/Src/stm32g4xx_it.c **** /* USER CODE BEGIN 0 */
  55:Core/Src/stm32g4xx_it.c **** 
  56:Core/Src/stm32g4xx_it.c **** /* USER CODE END 0 */
  57:Core/Src/stm32g4xx_it.c **** 
  58:Core/Src/stm32g4xx_it.c **** /* External variables --------------------------------------------------------*/
  59:Core/Src/stm32g4xx_it.c **** 
  60:Core/Src/stm32g4xx_it.c **** /* USER CODE BEGIN EV */
  61:Core/Src/stm32g4xx_it.c **** 
  62:Core/Src/stm32g4xx_it.c **** /* USER CODE END EV */
  63:Core/Src/stm32g4xx_it.c **** 
  64:Core/Src/stm32g4xx_it.c **** /******************************************************************************/
  65:Core/Src/stm32g4xx_it.c **** /*           Cortex-M4 Processor Interruption and Exception Handlers          */
  66:Core/Src/stm32g4xx_it.c **** /******************************************************************************/
  67:Core/Src/stm32g4xx_it.c **** /**
  68:Core/Src/stm32g4xx_it.c ****   * @brief This function handles Non maskable interrupt.
  69:Core/Src/stm32g4xx_it.c ****   */
  70:Core/Src/stm32g4xx_it.c **** void NMI_Handler(void)
  71:Core/Src/stm32g4xx_it.c **** {
  29              		.loc 1 71 1 view -0
  30              		.cfi_startproc
  31              		@ Volatile: function does not return.
  32              		@ args = 0, pretend = 0, frame = 0
  33              		@ frame_needed = 0, uses_anonymous_args = 0
  34              		@ link register save eliminated.
  35              	.L2:
  72:Core/Src/stm32g4xx_it.c ****   /* USER CODE BEGIN NonMaskableInt_IRQn 0 */
  73:Core/Src/stm32g4xx_it.c **** 
  74:Core/Src/stm32g4xx_it.c ****   /* USER CODE END NonMaskableInt_IRQn 0 */
  75:Core/Src/stm32g4xx_it.c ****   /* USER CODE BEGIN NonMaskableInt_IRQn 1 */
  76:Core/Src/stm32g4xx_it.c ****   while (1)
  36              		.loc 1 76 3 discriminator 1 view .LVU1
  77:Core/Src/stm32g4xx_it.c ****   {
  78:Core/Src/stm32g4xx_it.c ****   }
  37              		.loc 1 78 3 discriminator 1 view .LVU2
ARM GAS  /var/folders/kd/c99kx6qx51n19rszfxl6vhn80000gp/T//ccxoKnWu.s 			page 3


  76:Core/Src/stm32g4xx_it.c ****   {
  38              		.loc 1 76 9 discriminator 1 view .LVU3
  39 0000 FEE7     		b	.L2
  40              		.cfi_endproc
  41              	.LFE1089:
  43              		.section	.text.HardFault_Handler,"ax",%progbits
  44              		.align	1
  45              		.global	HardFault_Handler
  46              		.syntax unified
  47              		.thumb
  48              		.thumb_func
  50              	HardFault_Handler:
  51              	.LFB1090:
  79:Core/Src/stm32g4xx_it.c ****   /* USER CODE END NonMaskableInt_IRQn 1 */
  80:Core/Src/stm32g4xx_it.c **** }
  81:Core/Src/stm32g4xx_it.c **** 
  82:Core/Src/stm32g4xx_it.c **** /**
  83:Core/Src/stm32g4xx_it.c ****   * @brief This function handles Hard fault interrupt.
  84:Core/Src/stm32g4xx_it.c ****   */
  85:Core/Src/stm32g4xx_it.c **** void HardFault_Handler(void)
  86:Core/Src/stm32g4xx_it.c **** {
  52              		.loc 1 86 1 view -0
  53              		.cfi_startproc
  54              		@ Volatile: function does not return.
  55              		@ args = 0, pretend = 0, frame = 0
  56              		@ frame_needed = 0, uses_anonymous_args = 0
  57              		@ link register save eliminated.
  58              	.L4:
  87:Core/Src/stm32g4xx_it.c ****   /* USER CODE BEGIN HardFault_IRQn 0 */
  88:Core/Src/stm32g4xx_it.c **** 
  89:Core/Src/stm32g4xx_it.c ****   /* USER CODE END HardFault_IRQn 0 */
  90:Core/Src/stm32g4xx_it.c ****   while (1)
  59              		.loc 1 90 3 discriminator 1 view .LVU5
  91:Core/Src/stm32g4xx_it.c ****   {
  92:Core/Src/stm32g4xx_it.c ****     /* USER CODE BEGIN W1_HardFault_IRQn 0 */
  93:Core/Src/stm32g4xx_it.c ****     /* USER CODE END W1_HardFault_IRQn 0 */
  94:Core/Src/stm32g4xx_it.c ****   }
  60              		.loc 1 94 3 discriminator 1 view .LVU6
  90:Core/Src/stm32g4xx_it.c ****   {
  61              		.loc 1 90 9 discriminator 1 view .LVU7
  62 0000 FEE7     		b	.L4
  63              		.cfi_endproc
  64              	.LFE1090:
  66              		.section	.text.MemManage_Handler,"ax",%progbits
  67              		.align	1
  68              		.global	MemManage_Handler
  69              		.syntax unified
  70              		.thumb
  71              		.thumb_func
  73              	MemManage_Handler:
  74              	.LFB1091:
  95:Core/Src/stm32g4xx_it.c **** }
  96:Core/Src/stm32g4xx_it.c **** 
  97:Core/Src/stm32g4xx_it.c **** /**
  98:Core/Src/stm32g4xx_it.c ****   * @brief This function handles Memory management fault.
  99:Core/Src/stm32g4xx_it.c ****   */
 100:Core/Src/stm32g4xx_it.c **** void MemManage_Handler(void)
ARM GAS  /var/folders/kd/c99kx6qx51n19rszfxl6vhn80000gp/T//ccxoKnWu.s 			page 4


 101:Core/Src/stm32g4xx_it.c **** {
  75              		.loc 1 101 1 view -0
  76              		.cfi_startproc
  77              		@ Volatile: function does not return.
  78              		@ args = 0, pretend = 0, frame = 0
  79              		@ frame_needed = 0, uses_anonymous_args = 0
  80              		@ link register save eliminated.
  81              	.L6:
 102:Core/Src/stm32g4xx_it.c ****   /* USER CODE BEGIN MemoryManagement_IRQn 0 */
 103:Core/Src/stm32g4xx_it.c **** 
 104:Core/Src/stm32g4xx_it.c ****   /* USER CODE END MemoryManagement_IRQn 0 */
 105:Core/Src/stm32g4xx_it.c ****   while (1)
  82              		.loc 1 105 3 discriminator 1 view .LVU9
 106:Core/Src/stm32g4xx_it.c ****   {
 107:Core/Src/stm32g4xx_it.c ****     /* USER CODE BEGIN W1_MemoryManagement_IRQn 0 */
 108:Core/Src/stm32g4xx_it.c ****     /* USER CODE END W1_MemoryManagement_IRQn 0 */
 109:Core/Src/stm32g4xx_it.c ****   }
  83              		.loc 1 109 3 discriminator 1 view .LVU10
 105:Core/Src/stm32g4xx_it.c ****   {
  84              		.loc 1 105 9 discriminator 1 view .LVU11
  85 0000 FEE7     		b	.L6
  86              		.cfi_endproc
  87              	.LFE1091:
  89              		.section	.text.BusFault_Handler,"ax",%progbits
  90              		.align	1
  91              		.global	BusFault_Handler
  92              		.syntax unified
  93              		.thumb
  94              		.thumb_func
  96              	BusFault_Handler:
  97              	.LFB1092:
 110:Core/Src/stm32g4xx_it.c **** }
 111:Core/Src/stm32g4xx_it.c **** 
 112:Core/Src/stm32g4xx_it.c **** /**
 113:Core/Src/stm32g4xx_it.c ****   * @brief This function handles Prefetch fault, memory access fault.
 114:Core/Src/stm32g4xx_it.c ****   */
 115:Core/Src/stm32g4xx_it.c **** void BusFault_Handler(void)
 116:Core/Src/stm32g4xx_it.c **** {
  98              		.loc 1 116 1 view -0
  99              		.cfi_startproc
 100              		@ Volatile: function does not return.
 101              		@ args = 0, pretend = 0, frame = 0
 102              		@ frame_needed = 0, uses_anonymous_args = 0
 103              		@ link register save eliminated.
 104              	.L8:
 117:Core/Src/stm32g4xx_it.c ****   /* USER CODE BEGIN BusFault_IRQn 0 */
 118:Core/Src/stm32g4xx_it.c **** 
 119:Core/Src/stm32g4xx_it.c ****   /* USER CODE END BusFault_IRQn 0 */
 120:Core/Src/stm32g4xx_it.c ****   while (1)
 105              		.loc 1 120 3 discriminator 1 view .LVU13
 121:Core/Src/stm32g4xx_it.c ****   {
 122:Core/Src/stm32g4xx_it.c ****     /* USER CODE BEGIN W1_BusFault_IRQn 0 */
 123:Core/Src/stm32g4xx_it.c ****     /* USER CODE END W1_BusFault_IRQn 0 */
 124:Core/Src/stm32g4xx_it.c ****   }
 106              		.loc 1 124 3 discriminator 1 view .LVU14
 120:Core/Src/stm32g4xx_it.c ****   {
 107              		.loc 1 120 9 discriminator 1 view .LVU15
ARM GAS  /var/folders/kd/c99kx6qx51n19rszfxl6vhn80000gp/T//ccxoKnWu.s 			page 5


 108 0000 FEE7     		b	.L8
 109              		.cfi_endproc
 110              	.LFE1092:
 112              		.section	.text.UsageFault_Handler,"ax",%progbits
 113              		.align	1
 114              		.global	UsageFault_Handler
 115              		.syntax unified
 116              		.thumb
 117              		.thumb_func
 119              	UsageFault_Handler:
 120              	.LFB1093:
 125:Core/Src/stm32g4xx_it.c **** }
 126:Core/Src/stm32g4xx_it.c **** 
 127:Core/Src/stm32g4xx_it.c **** /**
 128:Core/Src/stm32g4xx_it.c ****   * @brief This function handles Undefined instruction or illegal state.
 129:Core/Src/stm32g4xx_it.c ****   */
 130:Core/Src/stm32g4xx_it.c **** void UsageFault_Handler(void)
 131:Core/Src/stm32g4xx_it.c **** {
 121              		.loc 1 131 1 view -0
 122              		.cfi_startproc
 123              		@ Volatile: function does not return.
 124              		@ args = 0, pretend = 0, frame = 0
 125              		@ frame_needed = 0, uses_anonymous_args = 0
 126              		@ link register save eliminated.
 127              	.L10:
 132:Core/Src/stm32g4xx_it.c ****   /* USER CODE BEGIN UsageFault_IRQn 0 */
 133:Core/Src/stm32g4xx_it.c **** 
 134:Core/Src/stm32g4xx_it.c ****   /* USER CODE END UsageFault_IRQn 0 */
 135:Core/Src/stm32g4xx_it.c ****   while (1)
 128              		.loc 1 135 3 discriminator 1 view .LVU17
 136:Core/Src/stm32g4xx_it.c ****   {
 137:Core/Src/stm32g4xx_it.c ****     /* USER CODE BEGIN W1_UsageFault_IRQn 0 */
 138:Core/Src/stm32g4xx_it.c ****     /* USER CODE END W1_UsageFault_IRQn 0 */
 139:Core/Src/stm32g4xx_it.c ****   }
 129              		.loc 1 139 3 discriminator 1 view .LVU18
 135:Core/Src/stm32g4xx_it.c ****   {
 130              		.loc 1 135 9 discriminator 1 view .LVU19
 131 0000 FEE7     		b	.L10
 132              		.cfi_endproc
 133              	.LFE1093:
 135              		.section	.text.SVC_Handler,"ax",%progbits
 136              		.align	1
 137              		.global	SVC_Handler
 138              		.syntax unified
 139              		.thumb
 140              		.thumb_func
 142              	SVC_Handler:
 143              	.LFB1094:
 140:Core/Src/stm32g4xx_it.c **** }
 141:Core/Src/stm32g4xx_it.c **** 
 142:Core/Src/stm32g4xx_it.c **** /**
 143:Core/Src/stm32g4xx_it.c ****   * @brief This function handles System service call via SWI instruction.
 144:Core/Src/stm32g4xx_it.c ****   */
 145:Core/Src/stm32g4xx_it.c **** void SVC_Handler(void)
 146:Core/Src/stm32g4xx_it.c **** {
 144              		.loc 1 146 1 view -0
 145              		.cfi_startproc
ARM GAS  /var/folders/kd/c99kx6qx51n19rszfxl6vhn80000gp/T//ccxoKnWu.s 			page 6


 146              		@ args = 0, pretend = 0, frame = 0
 147              		@ frame_needed = 0, uses_anonymous_args = 0
 148              		@ link register save eliminated.
 147:Core/Src/stm32g4xx_it.c ****   /* USER CODE BEGIN SVCall_IRQn 0 */
 148:Core/Src/stm32g4xx_it.c **** 
 149:Core/Src/stm32g4xx_it.c ****   /* USER CODE END SVCall_IRQn 0 */
 150:Core/Src/stm32g4xx_it.c ****   /* USER CODE BEGIN SVCall_IRQn 1 */
 151:Core/Src/stm32g4xx_it.c **** 
 152:Core/Src/stm32g4xx_it.c ****   /* USER CODE END SVCall_IRQn 1 */
 153:Core/Src/stm32g4xx_it.c **** }
 149              		.loc 1 153 1 view .LVU21
 150 0000 7047     		bx	lr
 151              		.cfi_endproc
 152              	.LFE1094:
 154              		.section	.text.DebugMon_Handler,"ax",%progbits
 155              		.align	1
 156              		.global	DebugMon_Handler
 157              		.syntax unified
 158              		.thumb
 159              		.thumb_func
 161              	DebugMon_Handler:
 162              	.LFB1095:
 154:Core/Src/stm32g4xx_it.c **** 
 155:Core/Src/stm32g4xx_it.c **** /**
 156:Core/Src/stm32g4xx_it.c ****   * @brief This function handles Debug monitor.
 157:Core/Src/stm32g4xx_it.c ****   */
 158:Core/Src/stm32g4xx_it.c **** void DebugMon_Handler(void)
 159:Core/Src/stm32g4xx_it.c **** {
 163              		.loc 1 159 1 view -0
 164              		.cfi_startproc
 165              		@ args = 0, pretend = 0, frame = 0
 166              		@ frame_needed = 0, uses_anonymous_args = 0
 167              		@ link register save eliminated.
 160:Core/Src/stm32g4xx_it.c ****   /* USER CODE BEGIN DebugMonitor_IRQn 0 */
 161:Core/Src/stm32g4xx_it.c **** 
 162:Core/Src/stm32g4xx_it.c ****   /* USER CODE END DebugMonitor_IRQn 0 */
 163:Core/Src/stm32g4xx_it.c ****   /* USER CODE BEGIN DebugMonitor_IRQn 1 */
 164:Core/Src/stm32g4xx_it.c **** 
 165:Core/Src/stm32g4xx_it.c ****   /* USER CODE END DebugMonitor_IRQn 1 */
 166:Core/Src/stm32g4xx_it.c **** }
 168              		.loc 1 166 1 view .LVU23
 169 0000 7047     		bx	lr
 170              		.cfi_endproc
 171              	.LFE1095:
 173              		.section	.text.PendSV_Handler,"ax",%progbits
 174              		.align	1
 175              		.global	PendSV_Handler
 176              		.syntax unified
 177              		.thumb
 178              		.thumb_func
 180              	PendSV_Handler:
 181              	.LFB1096:
 167:Core/Src/stm32g4xx_it.c **** 
 168:Core/Src/stm32g4xx_it.c **** /**
 169:Core/Src/stm32g4xx_it.c ****   * @brief This function handles Pendable request for system service.
 170:Core/Src/stm32g4xx_it.c ****   */
 171:Core/Src/stm32g4xx_it.c **** void PendSV_Handler(void)
ARM GAS  /var/folders/kd/c99kx6qx51n19rszfxl6vhn80000gp/T//ccxoKnWu.s 			page 7


 172:Core/Src/stm32g4xx_it.c **** {
 182              		.loc 1 172 1 view -0
 183              		.cfi_startproc
 184              		@ args = 0, pretend = 0, frame = 0
 185              		@ frame_needed = 0, uses_anonymous_args = 0
 186              		@ link register save eliminated.
 173:Core/Src/stm32g4xx_it.c ****   /* USER CODE BEGIN PendSV_IRQn 0 */
 174:Core/Src/stm32g4xx_it.c **** 
 175:Core/Src/stm32g4xx_it.c ****   /* USER CODE END PendSV_IRQn 0 */
 176:Core/Src/stm32g4xx_it.c ****   /* USER CODE BEGIN PendSV_IRQn 1 */
 177:Core/Src/stm32g4xx_it.c **** 
 178:Core/Src/stm32g4xx_it.c ****   /* USER CODE END PendSV_IRQn 1 */
 179:Core/Src/stm32g4xx_it.c **** }
 187              		.loc 1 179 1 view .LVU25
 188 0000 7047     		bx	lr
 189              		.cfi_endproc
 190              	.LFE1096:
 192              		.section	.text.SysTick_Handler,"ax",%progbits
 193              		.align	1
 194              		.global	SysTick_Handler
 195              		.syntax unified
 196              		.thumb
 197              		.thumb_func
 199              	SysTick_Handler:
 200              	.LFB1097:
 180:Core/Src/stm32g4xx_it.c **** 
 181:Core/Src/stm32g4xx_it.c **** /**
 182:Core/Src/stm32g4xx_it.c ****   * @brief This function handles System tick timer.
 183:Core/Src/stm32g4xx_it.c ****   */
 184:Core/Src/stm32g4xx_it.c **** void SysTick_Handler(void)
 185:Core/Src/stm32g4xx_it.c **** {
 201              		.loc 1 185 1 view -0
 202              		.cfi_startproc
 203              		@ args = 0, pretend = 0, frame = 0
 204              		@ frame_needed = 0, uses_anonymous_args = 0
 205 0000 08B5     		push	{r3, lr}
 206              	.LCFI0:
 207              		.cfi_def_cfa_offset 8
 208              		.cfi_offset 3, -8
 209              		.cfi_offset 14, -4
 186:Core/Src/stm32g4xx_it.c ****   /* USER CODE BEGIN SysTick_IRQn 0 */
 187:Core/Src/stm32g4xx_it.c **** 
 188:Core/Src/stm32g4xx_it.c ****   /* USER CODE END SysTick_IRQn 0 */
 189:Core/Src/stm32g4xx_it.c ****   HAL_IncTick();
 210              		.loc 1 189 3 view .LVU27
 211 0002 FFF7FEFF 		bl	HAL_IncTick
 212              	.LVL0:
 190:Core/Src/stm32g4xx_it.c ****   USBPD_DPM_TimerCounter();
 213              		.loc 1 190 3 view .LVU28
 214 0006 FFF7FEFF 		bl	USBPD_DPM_TimerCounter
 215              	.LVL1:
 191:Core/Src/stm32g4xx_it.c ****   /* USER CODE BEGIN SysTick_IRQn 1 */
 192:Core/Src/stm32g4xx_it.c **** 
 193:Core/Src/stm32g4xx_it.c ****   /* USER CODE END SysTick_IRQn 1 */
 194:Core/Src/stm32g4xx_it.c **** }
 216              		.loc 1 194 1 is_stmt 0 view .LVU29
 217 000a 08BD     		pop	{r3, pc}
ARM GAS  /var/folders/kd/c99kx6qx51n19rszfxl6vhn80000gp/T//ccxoKnWu.s 			page 8


 218              		.cfi_endproc
 219              	.LFE1097:
 221              		.section	.text.DMA1_Channel1_IRQHandler,"ax",%progbits
 222              		.align	1
 223              		.global	DMA1_Channel1_IRQHandler
 224              		.syntax unified
 225              		.thumb
 226              		.thumb_func
 228              	DMA1_Channel1_IRQHandler:
 229              	.LFB1098:
 195:Core/Src/stm32g4xx_it.c **** 
 196:Core/Src/stm32g4xx_it.c **** /******************************************************************************/
 197:Core/Src/stm32g4xx_it.c **** /* STM32G4xx Peripheral Interrupt Handlers                                    */
 198:Core/Src/stm32g4xx_it.c **** /* Add here the Interrupt Handlers for the used peripherals.                  */
 199:Core/Src/stm32g4xx_it.c **** /* For the available peripheral interrupt handler names,                      */
 200:Core/Src/stm32g4xx_it.c **** /* please refer to the startup file (startup_stm32g4xx.s).                    */
 201:Core/Src/stm32g4xx_it.c **** /******************************************************************************/
 202:Core/Src/stm32g4xx_it.c **** 
 203:Core/Src/stm32g4xx_it.c **** /**
 204:Core/Src/stm32g4xx_it.c ****   * @brief This function handles DMA1 channel1 global interrupt.
 205:Core/Src/stm32g4xx_it.c ****   */
 206:Core/Src/stm32g4xx_it.c **** void DMA1_Channel1_IRQHandler(void)
 207:Core/Src/stm32g4xx_it.c **** {
 230              		.loc 1 207 1 is_stmt 1 view -0
 231              		.cfi_startproc
 232              		@ args = 0, pretend = 0, frame = 0
 233              		@ frame_needed = 0, uses_anonymous_args = 0
 234              		@ link register save eliminated.
 208:Core/Src/stm32g4xx_it.c ****   /* USER CODE BEGIN DMA1_Channel1_IRQn 0 */
 209:Core/Src/stm32g4xx_it.c **** 
 210:Core/Src/stm32g4xx_it.c ****   /* USER CODE END DMA1_Channel1_IRQn 0 */
 211:Core/Src/stm32g4xx_it.c **** 
 212:Core/Src/stm32g4xx_it.c ****   /* USER CODE BEGIN DMA1_Channel1_IRQn 1 */
 213:Core/Src/stm32g4xx_it.c **** 
 214:Core/Src/stm32g4xx_it.c ****   /* USER CODE END DMA1_Channel1_IRQn 1 */
 215:Core/Src/stm32g4xx_it.c **** }
 235              		.loc 1 215 1 view .LVU31
 236 0000 7047     		bx	lr
 237              		.cfi_endproc
 238              	.LFE1098:
 240              		.section	.text.DMA1_Channel2_IRQHandler,"ax",%progbits
 241              		.align	1
 242              		.global	DMA1_Channel2_IRQHandler
 243              		.syntax unified
 244              		.thumb
 245              		.thumb_func
 247              	DMA1_Channel2_IRQHandler:
 248              	.LFB1099:
 216:Core/Src/stm32g4xx_it.c **** 
 217:Core/Src/stm32g4xx_it.c **** /**
 218:Core/Src/stm32g4xx_it.c ****   * @brief This function handles DMA1 channel2 global interrupt.
 219:Core/Src/stm32g4xx_it.c ****   */
 220:Core/Src/stm32g4xx_it.c **** void DMA1_Channel2_IRQHandler(void)
 221:Core/Src/stm32g4xx_it.c **** {
 249              		.loc 1 221 1 view -0
 250              		.cfi_startproc
 251              		@ args = 0, pretend = 0, frame = 0
ARM GAS  /var/folders/kd/c99kx6qx51n19rszfxl6vhn80000gp/T//ccxoKnWu.s 			page 9


 252              		@ frame_needed = 0, uses_anonymous_args = 0
 253              		@ link register save eliminated.
 222:Core/Src/stm32g4xx_it.c ****   /* USER CODE BEGIN DMA1_Channel2_IRQn 0 */
 223:Core/Src/stm32g4xx_it.c **** 
 224:Core/Src/stm32g4xx_it.c ****   /* USER CODE END DMA1_Channel2_IRQn 0 */
 225:Core/Src/stm32g4xx_it.c **** 
 226:Core/Src/stm32g4xx_it.c ****   /* USER CODE BEGIN DMA1_Channel2_IRQn 1 */
 227:Core/Src/stm32g4xx_it.c **** 
 228:Core/Src/stm32g4xx_it.c ****   /* USER CODE END DMA1_Channel2_IRQn 1 */
 229:Core/Src/stm32g4xx_it.c **** }
 254              		.loc 1 229 1 view .LVU33
 255 0000 7047     		bx	lr
 256              		.cfi_endproc
 257              	.LFE1099:
 259              		.section	.text.UCPD1_IRQHandler,"ax",%progbits
 260              		.align	1
 261              		.global	UCPD1_IRQHandler
 262              		.syntax unified
 263              		.thumb
 264              		.thumb_func
 266              	UCPD1_IRQHandler:
 267              	.LFB1100:
 230:Core/Src/stm32g4xx_it.c **** 
 231:Core/Src/stm32g4xx_it.c **** /**
 232:Core/Src/stm32g4xx_it.c ****   * @brief This function handles UCPD1 interrupt / UCPD1 wake-up interrupt through EXTI line 43.
 233:Core/Src/stm32g4xx_it.c ****   */
 234:Core/Src/stm32g4xx_it.c **** void UCPD1_IRQHandler(void)
 235:Core/Src/stm32g4xx_it.c **** {
 268              		.loc 1 235 1 view -0
 269              		.cfi_startproc
 270              		@ args = 0, pretend = 0, frame = 0
 271              		@ frame_needed = 0, uses_anonymous_args = 0
 272 0000 08B5     		push	{r3, lr}
 273              	.LCFI1:
 274              		.cfi_def_cfa_offset 8
 275              		.cfi_offset 3, -8
 276              		.cfi_offset 14, -4
 236:Core/Src/stm32g4xx_it.c ****   /* USER CODE BEGIN UCPD1_IRQn 0 */
 237:Core/Src/stm32g4xx_it.c **** 
 238:Core/Src/stm32g4xx_it.c ****   /* USER CODE END UCPD1_IRQn 0 */
 239:Core/Src/stm32g4xx_it.c ****   USBPD_PORT0_IRQHandler();
 277              		.loc 1 239 3 view .LVU35
 278 0002 FFF7FEFF 		bl	USBPD_PORT0_IRQHandler
 279              	.LVL2:
 240:Core/Src/stm32g4xx_it.c **** 
 241:Core/Src/stm32g4xx_it.c ****   /* USER CODE BEGIN UCPD1_IRQn 1 */
 242:Core/Src/stm32g4xx_it.c **** 
 243:Core/Src/stm32g4xx_it.c ****   /* USER CODE END UCPD1_IRQn 1 */
 244:Core/Src/stm32g4xx_it.c **** }
 280              		.loc 1 244 1 is_stmt 0 view .LVU36
 281 0006 08BD     		pop	{r3, pc}
 282              		.cfi_endproc
 283              	.LFE1100:
 285              		.text
 286              	.Letext0:
 287              		.file 2 "/opt/homebrew/Cellar/arm-none-eabi-gcc/10.3-2021.10/gcc/arm-none-eabi/include/machine/_de
 288              		.file 3 "/opt/homebrew/Cellar/arm-none-eabi-gcc/10.3-2021.10/gcc/arm-none-eabi/include/sys/_stdint
ARM GAS  /var/folders/kd/c99kx6qx51n19rszfxl6vhn80000gp/T//ccxoKnWu.s 			page 10


 289              		.file 4 "Drivers/STM32G4xx_HAL_Driver/Inc/stm32g4xx_ll_dma.h"
 290              		.file 5 "Drivers/STM32G4xx_HAL_Driver/Inc/stm32g4xx_ll_tim.h"
 291              		.file 6 "Middlewares/ST/STM32_USBPD_Library/Devices/STM32G4XX/inc/usbpd_hw_if.h"
 292              		.file 7 "Drivers/STM32G4xx_HAL_Driver/Inc/stm32g4xx_hal.h"
 293              		.file 8 "USBPD/usbpd_dpm_core.h"
ARM GAS  /var/folders/kd/c99kx6qx51n19rszfxl6vhn80000gp/T//ccxoKnWu.s 			page 11


DEFINED SYMBOLS
                            *ABS*:0000000000000000 stm32g4xx_it.c
/var/folders/kd/c99kx6qx51n19rszfxl6vhn80000gp/T//ccxoKnWu.s:20     .text.NMI_Handler:0000000000000000 $t
/var/folders/kd/c99kx6qx51n19rszfxl6vhn80000gp/T//ccxoKnWu.s:26     .text.NMI_Handler:0000000000000000 NMI_Handler
/var/folders/kd/c99kx6qx51n19rszfxl6vhn80000gp/T//ccxoKnWu.s:44     .text.HardFault_Handler:0000000000000000 $t
/var/folders/kd/c99kx6qx51n19rszfxl6vhn80000gp/T//ccxoKnWu.s:50     .text.HardFault_Handler:0000000000000000 HardFault_Handler
/var/folders/kd/c99kx6qx51n19rszfxl6vhn80000gp/T//ccxoKnWu.s:67     .text.MemManage_Handler:0000000000000000 $t
/var/folders/kd/c99kx6qx51n19rszfxl6vhn80000gp/T//ccxoKnWu.s:73     .text.MemManage_Handler:0000000000000000 MemManage_Handler
/var/folders/kd/c99kx6qx51n19rszfxl6vhn80000gp/T//ccxoKnWu.s:90     .text.BusFault_Handler:0000000000000000 $t
/var/folders/kd/c99kx6qx51n19rszfxl6vhn80000gp/T//ccxoKnWu.s:96     .text.BusFault_Handler:0000000000000000 BusFault_Handler
/var/folders/kd/c99kx6qx51n19rszfxl6vhn80000gp/T//ccxoKnWu.s:113    .text.UsageFault_Handler:0000000000000000 $t
/var/folders/kd/c99kx6qx51n19rszfxl6vhn80000gp/T//ccxoKnWu.s:119    .text.UsageFault_Handler:0000000000000000 UsageFault_Handler
/var/folders/kd/c99kx6qx51n19rszfxl6vhn80000gp/T//ccxoKnWu.s:136    .text.SVC_Handler:0000000000000000 $t
/var/folders/kd/c99kx6qx51n19rszfxl6vhn80000gp/T//ccxoKnWu.s:142    .text.SVC_Handler:0000000000000000 SVC_Handler
/var/folders/kd/c99kx6qx51n19rszfxl6vhn80000gp/T//ccxoKnWu.s:155    .text.DebugMon_Handler:0000000000000000 $t
/var/folders/kd/c99kx6qx51n19rszfxl6vhn80000gp/T//ccxoKnWu.s:161    .text.DebugMon_Handler:0000000000000000 DebugMon_Handler
/var/folders/kd/c99kx6qx51n19rszfxl6vhn80000gp/T//ccxoKnWu.s:174    .text.PendSV_Handler:0000000000000000 $t
/var/folders/kd/c99kx6qx51n19rszfxl6vhn80000gp/T//ccxoKnWu.s:180    .text.PendSV_Handler:0000000000000000 PendSV_Handler
/var/folders/kd/c99kx6qx51n19rszfxl6vhn80000gp/T//ccxoKnWu.s:193    .text.SysTick_Handler:0000000000000000 $t
/var/folders/kd/c99kx6qx51n19rszfxl6vhn80000gp/T//ccxoKnWu.s:199    .text.SysTick_Handler:0000000000000000 SysTick_Handler
/var/folders/kd/c99kx6qx51n19rszfxl6vhn80000gp/T//ccxoKnWu.s:222    .text.DMA1_Channel1_IRQHandler:0000000000000000 $t
/var/folders/kd/c99kx6qx51n19rszfxl6vhn80000gp/T//ccxoKnWu.s:228    .text.DMA1_Channel1_IRQHandler:0000000000000000 DMA1_Channel1_IRQHandler
/var/folders/kd/c99kx6qx51n19rszfxl6vhn80000gp/T//ccxoKnWu.s:241    .text.DMA1_Channel2_IRQHandler:0000000000000000 $t
/var/folders/kd/c99kx6qx51n19rszfxl6vhn80000gp/T//ccxoKnWu.s:247    .text.DMA1_Channel2_IRQHandler:0000000000000000 DMA1_Channel2_IRQHandler
/var/folders/kd/c99kx6qx51n19rszfxl6vhn80000gp/T//ccxoKnWu.s:260    .text.UCPD1_IRQHandler:0000000000000000 $t
/var/folders/kd/c99kx6qx51n19rszfxl6vhn80000gp/T//ccxoKnWu.s:266    .text.UCPD1_IRQHandler:0000000000000000 UCPD1_IRQHandler

UNDEFINED SYMBOLS
HAL_IncTick
USBPD_DPM_TimerCounter
USBPD_PORT0_IRQHandler
